[2023-09-20 14:28:41] local.ERROR: Please provide a valid cache path. {"exception":"[object] (InvalidArgumentException(code: 0): Please provide a valid cache path. at F:\\xampp\\htdocs\\129_2\\temp_129\\vendor\\laravel\\framework\\src\\Illuminate\\View\\Compilers\\Compiler.php:67)
[stacktrace]
#0 F:\\xampp\\htdocs\\129_2\\temp_129\\vendor\\laravel\\framework\\src\\Illuminate\\View\\ViewServiceProvider.php(101): Illuminate\\View\\Compilers\\Compiler->__construct(Object(Illuminate\\Filesystem\\Filesystem), false, '', true, 'php')
#1 F:\\xampp\\htdocs\\129_2\\temp_129\\vendor\\laravel\\framework\\src\\Illuminate\\Container\\Container.php(908): Illuminate\\View\\ViewServiceProvider->Illuminate\\View\\{closure}(Object(Illuminate\\Foundation\\Application), Array)
#2 F:\\xampp\\htdocs\\129_2\\temp_129\\vendor\\laravel\\framework\\src\\Illuminate\\Container\\Container.php(795): Illuminate\\Container\\Container->build(Object(Closure))
#3 F:\\xampp\\htdocs\\129_2\\temp_129\\vendor\\laravel\\framework\\src\\Illuminate\\Foundation\\Application.php(937): Illuminate\\Container\\Container->resolve('blade.compiler', Array, true)
#4 F:\\xampp\\htdocs\\129_2\\temp_129\\vendor\\laravel\\framework\\src\\Illuminate\\Container\\Container.php(731): Illuminate\\Foundation\\Application->resolve('blade.compiler', Array)
#5 F:\\xampp\\htdocs\\129_2\\temp_129\\vendor\\laravel\\framework\\src\\Illuminate\\Foundation\\Application.php(922): Illuminate\\Container\\Container->make('blade.compiler', Array)
#6 F:\\xampp\\htdocs\\129_2\\temp_129\\vendor\\laravel\\framework\\src\\Illuminate\\Container\\Container.php(1454): Illuminate\\Foundation\\Application->make('blade.compiler')
#7 F:\\xampp\\htdocs\\129_2\\temp_129\\vendor\\laravel\\framework\\src\\Illuminate\\Support\\Facades\\Facade.php(236): Illuminate\\Container\\Container->offsetGet('blade.compiler')
#8 F:\\xampp\\htdocs\\129_2\\temp_129\\vendor\\laravel\\framework\\src\\Illuminate\\Support\\Facades\\Facade.php(207): Illuminate\\Support\\Facades\\Facade::resolveFacadeInstance('blade.compiler')
#9 F:\\xampp\\htdocs\\129_2\\temp_129\\vendor\\laravel\\framework\\src\\Illuminate\\Support\\Facades\\Facade.php(347): Illuminate\\Support\\Facades\\Facade::getFacadeRoot()
#10 F:\\xampp\\htdocs\\129_2\\temp_129\\vendor\\php-flasher\\flasher-laravel\\FlasherServiceProvider.php(264): Illuminate\\Support\\Facades\\Facade::__callStatic('extend', Array)
#11 F:\\xampp\\htdocs\\129_2\\temp_129\\vendor\\php-flasher\\flasher-laravel\\FlasherServiceProvider.php(58): Flasher\\Laravel\\FlasherServiceProvider->registerBladeDirective()
#12 F:\\xampp\\htdocs\\129_2\\temp_129\\vendor\\php-flasher\\flasher-laravel\\Support\\ServiceProvider.php(42): Flasher\\Laravel\\FlasherServiceProvider->afterBoot()
#13 F:\\xampp\\htdocs\\129_2\\temp_129\\vendor\\laravel\\framework\\src\\Illuminate\\Container\\BoundMethod.php(36): Flasher\\Laravel\\Support\\ServiceProvider->boot()
#14 F:\\xampp\\htdocs\\129_2\\temp_129\\vendor\\laravel\\framework\\src\\Illuminate\\Container\\Util.php(41): Illuminate\\Container\\BoundMethod::Illuminate\\Container\\{closure}()
#15 F:\\xampp\\htdocs\\129_2\\temp_129\\vendor\\laravel\\framework\\src\\Illuminate\\Container\\BoundMethod.php(93): Illuminate\\Container\\Util::unwrapIfClosure(Object(Closure))
#16 F:\\xampp\\htdocs\\129_2\\temp_129\\vendor\\laravel\\framework\\src\\Illuminate\\Container\\BoundMethod.php(37): Illuminate\\Container\\BoundMethod::callBoundMethod(Object(Illuminate\\Foundation\\Application), Array, Object(Closure))
#17 F:\\xampp\\htdocs\\129_2\\temp_129\\vendor\\laravel\\framework\\src\\Illuminate\\Container\\Container.php(662): Illuminate\\Container\\BoundMethod::call(Object(Illuminate\\Foundation\\Application), Array, Array, NULL)
#18 F:\\xampp\\htdocs\\129_2\\temp_129\\vendor\\laravel\\framework\\src\\Illuminate\\Foundation\\Application.php(1010): Illuminate\\Container\\Container->call(Array)
#19 F:\\xampp\\htdocs\\129_2\\temp_129\\vendor\\laravel\\framework\\src\\Illuminate\\Foundation\\Application.php(991): Illuminate\\Foundation\\Application->bootProvider(Object(Flasher\\Laravel\\FlasherServiceProvider))
#20 [internal function]: Illuminate\\Foundation\\Application->Illuminate\\Foundation\\{closure}(Object(Flasher\\Laravel\\FlasherServiceProvider), 20)
#21 F:\\xampp\\htdocs\\129_2\\temp_129\\vendor\\laravel\\framework\\src\\Illuminate\\Foundation\\Application.php(992): array_walk(Array, Object(Closure))
#22 F:\\xampp\\htdocs\\129_2\\temp_129\\vendor\\laravel\\framework\\src\\Illuminate\\Foundation\\Bootstrap\\BootProviders.php(17): Illuminate\\Foundation\\Application->boot()
#23 F:\\xampp\\htdocs\\129_2\\temp_129\\vendor\\laravel\\framework\\src\\Illuminate\\Foundation\\Application.php(261): Illuminate\\Foundation\\Bootstrap\\BootProviders->bootstrap(Object(Illuminate\\Foundation\\Application))
#24 F:\\xampp\\htdocs\\129_2\\temp_129\\vendor\\laravel\\framework\\src\\Illuminate\\Foundation\\Console\\Kernel.php(447): Illuminate\\Foundation\\Application->bootstrapWith(Array)
#25 F:\\xampp\\htdocs\\129_2\\temp_129\\vendor\\laravel\\framework\\src\\Illuminate\\Foundation\\Console\\Kernel.php(199): Illuminate\\Foundation\\Console\\Kernel->bootstrap()
#26 F:\\xampp\\htdocs\\129_2\\temp_129\\artisan(37): Illuminate\\Foundation\\Console\\Kernel->handle(Object(Symfony\\Component\\Console\\Input\\ArgvInput), Object(Symfony\\Component\\Console\\Output\\ConsoleOutput))
#27 {main}
"} 
[2023-09-20 14:39:40] local.ERROR: Please provide a valid cache path. {"exception":"[object] (InvalidArgumentException(code: 0): Please provide a valid cache path. at F:\\xampp\\htdocs\\129_2\\temp_129\\vendor\\laravel\\framework\\src\\Illuminate\\View\\Compilers\\Compiler.php:67)
[stacktrace]
#0 F:\\xampp\\htdocs\\129_2\\temp_129\\vendor\\laravel\\framework\\src\\Illuminate\\View\\ViewServiceProvider.php(101): Illuminate\\View\\Compilers\\Compiler->__construct(Object(Illuminate\\Filesystem\\Filesystem), false, '', true, 'php')
#1 F:\\xampp\\htdocs\\129_2\\temp_129\\vendor\\laravel\\framework\\src\\Illuminate\\Container\\Container.php(908): Illuminate\\View\\ViewServiceProvider->Illuminate\\View\\{closure}(Object(Illuminate\\Foundation\\Application), Array)
#2 F:\\xampp\\htdocs\\129_2\\temp_129\\vendor\\laravel\\framework\\src\\Illuminate\\Container\\Container.php(795): Illuminate\\Container\\Container->build(Object(Closure))
#3 F:\\xampp\\htdocs\\129_2\\temp_129\\vendor\\laravel\\framework\\src\\Illuminate\\Foundation\\Application.php(937): Illuminate\\Container\\Container->resolve('blade.compiler', Array, true)
#4 F:\\xampp\\htdocs\\129_2\\temp_129\\vendor\\laravel\\framework\\src\\Illuminate\\Container\\Container.php(731): Illuminate\\Foundation\\Application->resolve('blade.compiler', Array)
#5 F:\\xampp\\htdocs\\129_2\\temp_129\\vendor\\laravel\\framework\\src\\Illuminate\\Foundation\\Application.php(922): Illuminate\\Container\\Container->make('blade.compiler', Array)
#6 F:\\xampp\\htdocs\\129_2\\temp_129\\vendor\\laravel\\framework\\src\\Illuminate\\Container\\Container.php(1454): Illuminate\\Foundation\\Application->make('blade.compiler')
#7 F:\\xampp\\htdocs\\129_2\\temp_129\\vendor\\laravel\\framework\\src\\Illuminate\\Support\\Facades\\Facade.php(236): Illuminate\\Container\\Container->offsetGet('blade.compiler')
#8 F:\\xampp\\htdocs\\129_2\\temp_129\\vendor\\laravel\\framework\\src\\Illuminate\\Support\\Facades\\Facade.php(207): Illuminate\\Support\\Facades\\Facade::resolveFacadeInstance('blade.compiler')
#9 F:\\xampp\\htdocs\\129_2\\temp_129\\vendor\\laravel\\framework\\src\\Illuminate\\Support\\Facades\\Facade.php(347): Illuminate\\Support\\Facades\\Facade::getFacadeRoot()
#10 F:\\xampp\\htdocs\\129_2\\temp_129\\vendor\\php-flasher\\flasher-laravel\\FlasherServiceProvider.php(264): Illuminate\\Support\\Facades\\Facade::__callStatic('extend', Array)
#11 F:\\xampp\\htdocs\\129_2\\temp_129\\vendor\\php-flasher\\flasher-laravel\\FlasherServiceProvider.php(58): Flasher\\Laravel\\FlasherServiceProvider->registerBladeDirective()
#12 F:\\xampp\\htdocs\\129_2\\temp_129\\vendor\\php-flasher\\flasher-laravel\\Support\\ServiceProvider.php(42): Flasher\\Laravel\\FlasherServiceProvider->afterBoot()
#13 F:\\xampp\\htdocs\\129_2\\temp_129\\vendor\\laravel\\framework\\src\\Illuminate\\Container\\BoundMethod.php(36): Flasher\\Laravel\\Support\\ServiceProvider->boot()
#14 F:\\xampp\\htdocs\\129_2\\temp_129\\vendor\\laravel\\framework\\src\\Illuminate\\Container\\Util.php(41): Illuminate\\Container\\BoundMethod::Illuminate\\Container\\{closure}()
#15 F:\\xampp\\htdocs\\129_2\\temp_129\\vendor\\laravel\\framework\\src\\Illuminate\\Container\\BoundMethod.php(93): Illuminate\\Container\\Util::unwrapIfClosure(Object(Closure))
#16 F:\\xampp\\htdocs\\129_2\\temp_129\\vendor\\laravel\\framework\\src\\Illuminate\\Container\\BoundMethod.php(37): Illuminate\\Container\\BoundMethod::callBoundMethod(Object(Illuminate\\Foundation\\Application), Array, Object(Closure))
#17 F:\\xampp\\htdocs\\129_2\\temp_129\\vendor\\laravel\\framework\\src\\Illuminate\\Container\\Container.php(662): Illuminate\\Container\\BoundMethod::call(Object(Illuminate\\Foundation\\Application), Array, Array, NULL)
#18 F:\\xampp\\htdocs\\129_2\\temp_129\\vendor\\laravel\\framework\\src\\Illuminate\\Foundation\\Application.php(1010): Illuminate\\Container\\Container->call(Array)
#19 F:\\xampp\\htdocs\\129_2\\temp_129\\vendor\\laravel\\framework\\src\\Illuminate\\Foundation\\Application.php(991): Illuminate\\Foundation\\Application->bootProvider(Object(Flasher\\Laravel\\FlasherServiceProvider))
#20 [internal function]: Illuminate\\Foundation\\Application->Illuminate\\Foundation\\{closure}(Object(Flasher\\Laravel\\FlasherServiceProvider), 20)
#21 F:\\xampp\\htdocs\\129_2\\temp_129\\vendor\\laravel\\framework\\src\\Illuminate\\Foundation\\Application.php(992): array_walk(Array, Object(Closure))
#22 F:\\xampp\\htdocs\\129_2\\temp_129\\vendor\\laravel\\framework\\src\\Illuminate\\Foundation\\Bootstrap\\BootProviders.php(17): Illuminate\\Foundation\\Application->boot()
#23 F:\\xampp\\htdocs\\129_2\\temp_129\\vendor\\laravel\\framework\\src\\Illuminate\\Foundation\\Application.php(261): Illuminate\\Foundation\\Bootstrap\\BootProviders->bootstrap(Object(Illuminate\\Foundation\\Application))
#24 F:\\xampp\\htdocs\\129_2\\temp_129\\vendor\\laravel\\framework\\src\\Illuminate\\Foundation\\Console\\Kernel.php(447): Illuminate\\Foundation\\Application->bootstrapWith(Array)
#25 F:\\xampp\\htdocs\\129_2\\temp_129\\vendor\\laravel\\framework\\src\\Illuminate\\Foundation\\Console\\Kernel.php(199): Illuminate\\Foundation\\Console\\Kernel->bootstrap()
#26 F:\\xampp\\htdocs\\129_2\\temp_129\\artisan(37): Illuminate\\Foundation\\Console\\Kernel->handle(Object(Symfony\\Component\\Console\\Input\\ArgvInput), Object(Symfony\\Component\\Console\\Output\\ConsoleOutput))
#27 {main}
"} 
[2023-09-20 14:49:05] local.ERROR: No application encryption key has been specified. {"exception":"[object] (Illuminate\\Encryption\\MissingAppKeyException(code: 0): No application encryption key has been specified. at F:\\xampp\\htdocs\\129_2\\temp_129\\vendor\\laravel\\framework\\src\\Illuminate\\Encryption\\EncryptionServiceProvider.php:79)
[stacktrace]
#0 F:\\xampp\\htdocs\\129_2\\temp_129\\vendor\\laravel\\framework\\src\\Illuminate\\Support\\helpers.php(307): Illuminate\\Encryption\\EncryptionServiceProvider->Illuminate\\Encryption\\{closure}('')
#1 F:\\xampp\\htdocs\\129_2\\temp_129\\vendor\\laravel\\framework\\src\\Illuminate\\Encryption\\EncryptionServiceProvider.php(81): tap('', Object(Closure))
#2 F:\\xampp\\htdocs\\129_2\\temp_129\\vendor\\laravel\\framework\\src\\Illuminate\\Encryption\\EncryptionServiceProvider.php(60): Illuminate\\Encryption\\EncryptionServiceProvider->key(Array)
#3 F:\\xampp\\htdocs\\129_2\\temp_129\\vendor\\laravel\\framework\\src\\Illuminate\\Encryption\\EncryptionServiceProvider.php(32): Illuminate\\Encryption\\EncryptionServiceProvider->parseKey(Array)
#4 F:\\xampp\\htdocs\\129_2\\temp_129\\vendor\\laravel\\framework\\src\\Illuminate\\Container\\Container.php(908): Illuminate\\Encryption\\EncryptionServiceProvider->Illuminate\\Encryption\\{closure}(Object(Illuminate\\Foundation\\Application), Array)
#5 F:\\xampp\\htdocs\\129_2\\temp_129\\vendor\\laravel\\framework\\src\\Illuminate\\Container\\Container.php(795): Illuminate\\Container\\Container->build(Object(Closure))
#6 F:\\xampp\\htdocs\\129_2\\temp_129\\vendor\\laravel\\framework\\src\\Illuminate\\Foundation\\Application.php(937): Illuminate\\Container\\Container->resolve('encrypter', Array, true)
#7 F:\\xampp\\htdocs\\129_2\\temp_129\\vendor\\laravel\\framework\\src\\Illuminate\\Container\\Container.php(731): Illuminate\\Foundation\\Application->resolve('encrypter', Array)
#8 F:\\xampp\\htdocs\\129_2\\temp_129\\vendor\\laravel\\framework\\src\\Illuminate\\Foundation\\Application.php(922): Illuminate\\Container\\Container->make('encrypter', Array)
#9 F:\\xampp\\htdocs\\129_2\\temp_129\\vendor\\laravel\\framework\\src\\Illuminate\\Container\\Container.php(1066): Illuminate\\Foundation\\Application->make('encrypter')
#10 F:\\xampp\\htdocs\\129_2\\temp_129\\vendor\\laravel\\framework\\src\\Illuminate\\Container\\Container.php(982): Illuminate\\Container\\Container->resolveClass(Object(ReflectionParameter))
#11 F:\\xampp\\htdocs\\129_2\\temp_129\\vendor\\laravel\\framework\\src\\Illuminate\\Container\\Container.php(943): Illuminate\\Container\\Container->resolveDependencies(Array)
#12 F:\\xampp\\htdocs\\129_2\\temp_129\\vendor\\laravel\\framework\\src\\Illuminate\\Container\\Container.php(795): Illuminate\\Container\\Container->build('App\\\\Http\\\\Middle...')
#13 F:\\xampp\\htdocs\\129_2\\temp_129\\vendor\\laravel\\framework\\src\\Illuminate\\Foundation\\Application.php(937): Illuminate\\Container\\Container->resolve('App\\\\Http\\\\Middle...', Array, true)
#14 F:\\xampp\\htdocs\\129_2\\temp_129\\vendor\\laravel\\framework\\src\\Illuminate\\Container\\Container.php(731): Illuminate\\Foundation\\Application->resolve('App\\\\Http\\\\Middle...', Array)
#15 F:\\xampp\\htdocs\\129_2\\temp_129\\vendor\\laravel\\framework\\src\\Illuminate\\Foundation\\Application.php(922): Illuminate\\Container\\Container->make('App\\\\Http\\\\Middle...', Array)
#16 F:\\xampp\\htdocs\\129_2\\temp_129\\vendor\\laravel\\framework\\src\\Illuminate\\Pipeline\\Pipeline.php(169): Illuminate\\Foundation\\Application->make('App\\\\Http\\\\Middle...')
#17 F:\\xampp\\htdocs\\129_2\\temp_129\\vendor\\laravel\\framework\\src\\Illuminate\\Pipeline\\Pipeline.php(116): Illuminate\\Pipeline\\Pipeline->Illuminate\\Pipeline\\{closure}(Object(Illuminate\\Http\\Request))
#18 F:\\xampp\\htdocs\\129_2\\temp_129\\vendor\\laravel\\framework\\src\\Illuminate\\Routing\\Router.php(800): Illuminate\\Pipeline\\Pipeline->then(Object(Closure))
#19 F:\\xampp\\htdocs\\129_2\\temp_129\\vendor\\laravel\\framework\\src\\Illuminate\\Routing\\Router.php(777): Illuminate\\Routing\\Router->runRouteWithinStack(Object(Illuminate\\Routing\\Route), Object(Illuminate\\Http\\Request))
#20 F:\\xampp\\htdocs\\129_2\\temp_129\\vendor\\laravel\\framework\\src\\Illuminate\\Routing\\Router.php(741): Illuminate\\Routing\\Router->runRoute(Object(Illuminate\\Http\\Request), Object(Illuminate\\Routing\\Route))
#21 F:\\xampp\\htdocs\\129_2\\temp_129\\vendor\\laravel\\framework\\src\\Illuminate\\Routing\\Router.php(730): Illuminate\\Routing\\Router->dispatchToRoute(Object(Illuminate\\Http\\Request))
#22 F:\\xampp\\htdocs\\129_2\\temp_129\\vendor\\laravel\\framework\\src\\Illuminate\\Foundation\\Http\\Kernel.php(200): Illuminate\\Routing\\Router->dispatch(Object(Illuminate\\Http\\Request))
#23 F:\\xampp\\htdocs\\129_2\\temp_129\\vendor\\laravel\\framework\\src\\Illuminate\\Pipeline\\Pipeline.php(141): Illuminate\\Foundation\\Http\\Kernel->Illuminate\\Foundation\\Http\\{closure}(Object(Illuminate\\Http\\Request))
#24 F:\\xampp\\htdocs\\129_2\\temp_129\\vendor\\laravel\\framework\\src\\Illuminate\\Foundation\\Http\\Middleware\\TransformsRequest.php(21): Illuminate\\Pipeline\\Pipeline->Illuminate\\Pipeline\\{closure}(Object(Illuminate\\Http\\Request))
#25 F:\\xampp\\htdocs\\129_2\\temp_129\\vendor\\laravel\\framework\\src\\Illuminate\\Foundation\\Http\\Middleware\\ConvertEmptyStringsToNull.php(31): Illuminate\\Foundation\\Http\\Middleware\\TransformsRequest->handle(Object(Illuminate\\Http\\Request), Object(Closure))
#26 F:\\xampp\\htdocs\\129_2\\temp_129\\vendor\\laravel\\framework\\src\\Illuminate\\Pipeline\\Pipeline.php(180): Illuminate\\Foundation\\Http\\Middleware\\ConvertEmptyStringsToNull->handle(Object(Illuminate\\Http\\Request), Object(Closure))
#27 F:\\xampp\\htdocs\\129_2\\temp_129\\vendor\\laravel\\framework\\src\\Illuminate\\Foundation\\Http\\Middleware\\TransformsRequest.php(21): Illuminate\\Pipeline\\Pipeline->Illuminate\\Pipeline\\{closure}(Object(Illuminate\\Http\\Request))
#28 F:\\xampp\\htdocs\\129_2\\temp_129\\vendor\\laravel\\framework\\src\\Illuminate\\Foundation\\Http\\Middleware\\TrimStrings.php(40): Illuminate\\Foundation\\Http\\Middleware\\TransformsRequest->handle(Object(Illuminate\\Http\\Request), Object(Closure))
#29 F:\\xampp\\htdocs\\129_2\\temp_129\\vendor\\laravel\\framework\\src\\Illuminate\\Pipeline\\Pipeline.php(180): Illuminate\\Foundation\\Http\\Middleware\\TrimStrings->handle(Object(Illuminate\\Http\\Request), Object(Closure))
#30 F:\\xampp\\htdocs\\129_2\\temp_129\\vendor\\laravel\\framework\\src\\Illuminate\\Foundation\\Http\\Middleware\\ValidatePostSize.php(27): Illuminate\\Pipeline\\Pipeline->Illuminate\\Pipeline\\{closure}(Object(Illuminate\\Http\\Request))
#31 F:\\xampp\\htdocs\\129_2\\temp_129\\vendor\\laravel\\framework\\src\\Illuminate\\Pipeline\\Pipeline.php(180): Illuminate\\Foundation\\Http\\Middleware\\ValidatePostSize->handle(Object(Illuminate\\Http\\Request), Object(Closure))
#32 F:\\xampp\\htdocs\\129_2\\temp_129\\vendor\\laravel\\framework\\src\\Illuminate\\Foundation\\Http\\Middleware\\PreventRequestsDuringMaintenance.php(99): Illuminate\\Pipeline\\Pipeline->Illuminate\\Pipeline\\{closure}(Object(Illuminate\\Http\\Request))
#33 F:\\xampp\\htdocs\\129_2\\temp_129\\vendor\\laravel\\framework\\src\\Illuminate\\Pipeline\\Pipeline.php(180): Illuminate\\Foundation\\Http\\Middleware\\PreventRequestsDuringMaintenance->handle(Object(Illuminate\\Http\\Request), Object(Closure))
#34 F:\\xampp\\htdocs\\129_2\\temp_129\\vendor\\laravel\\framework\\src\\Illuminate\\Http\\Middleware\\HandleCors.php(49): Illuminate\\Pipeline\\Pipeline->Illuminate\\Pipeline\\{closure}(Object(Illuminate\\Http\\Request))
#35 F:\\xampp\\htdocs\\129_2\\temp_129\\vendor\\laravel\\framework\\src\\Illuminate\\Pipeline\\Pipeline.php(180): Illuminate\\Http\\Middleware\\HandleCors->handle(Object(Illuminate\\Http\\Request), Object(Closure))
#36 F:\\xampp\\htdocs\\129_2\\temp_129\\vendor\\laravel\\framework\\src\\Illuminate\\Http\\Middleware\\TrustProxies.php(39): Illuminate\\Pipeline\\Pipeline->Illuminate\\Pipeline\\{closure}(Object(Illuminate\\Http\\Request))
#37 F:\\xampp\\htdocs\\129_2\\temp_129\\vendor\\laravel\\framework\\src\\Illuminate\\Pipeline\\Pipeline.php(180): Illuminate\\Http\\Middleware\\TrustProxies->handle(Object(Illuminate\\Http\\Request), Object(Closure))
#38 F:\\xampp\\htdocs\\129_2\\temp_129\\vendor\\laravel\\framework\\src\\Illuminate\\Pipeline\\Pipeline.php(116): Illuminate\\Pipeline\\Pipeline->Illuminate\\Pipeline\\{closure}(Object(Illuminate\\Http\\Request))
#39 F:\\xampp\\htdocs\\129_2\\temp_129\\vendor\\laravel\\framework\\src\\Illuminate\\Foundation\\Http\\Kernel.php(175): Illuminate\\Pipeline\\Pipeline->then(Object(Closure))
#40 F:\\xampp\\htdocs\\129_2\\temp_129\\vendor\\laravel\\framework\\src\\Illuminate\\Foundation\\Http\\Kernel.php(144): Illuminate\\Foundation\\Http\\Kernel->sendRequestThroughRouter(Object(Illuminate\\Http\\Request))
#41 F:\\xampp\\htdocs\\129_2\\temp_129\\public\\index.php(52): Illuminate\\Foundation\\Http\\Kernel->handle(Object(Illuminate\\Http\\Request))
#42 F:\\xampp\\htdocs\\129_2\\temp_129\\vendor\\laravel\\framework\\src\\Illuminate\\Foundation\\resources\\server.php(16): require_once('F:\\\\xampp\\\\htdocs...')
#43 {main}
"} 
[2023-09-20 14:49:05] local.ERROR: No application encryption key has been specified. {"exception":"[object] (Illuminate\\Encryption\\MissingAppKeyException(code: 0): No application encryption key has been specified. at F:\\xampp\\htdocs\\129_2\\temp_129\\vendor\\laravel\\framework\\src\\Illuminate\\Encryption\\EncryptionServiceProvider.php:79)
[stacktrace]
#0 F:\\xampp\\htdocs\\129_2\\temp_129\\vendor\\laravel\\framework\\src\\Illuminate\\Support\\helpers.php(307): Illuminate\\Encryption\\EncryptionServiceProvider->Illuminate\\Encryption\\{closure}('')
#1 F:\\xampp\\htdocs\\129_2\\temp_129\\vendor\\laravel\\framework\\src\\Illuminate\\Encryption\\EncryptionServiceProvider.php(81): tap('', Object(Closure))
#2 F:\\xampp\\htdocs\\129_2\\temp_129\\vendor\\laravel\\framework\\src\\Illuminate\\Encryption\\EncryptionServiceProvider.php(60): Illuminate\\Encryption\\EncryptionServiceProvider->key(Array)
#3 F:\\xampp\\htdocs\\129_2\\temp_129\\vendor\\laravel\\framework\\src\\Illuminate\\Encryption\\EncryptionServiceProvider.php(32): Illuminate\\Encryption\\EncryptionServiceProvider->parseKey(Array)
#4 F:\\xampp\\htdocs\\129_2\\temp_129\\vendor\\laravel\\framework\\src\\Illuminate\\Container\\Container.php(908): Illuminate\\Encryption\\EncryptionServiceProvider->Illuminate\\Encryption\\{closure}(Object(Illuminate\\Foundation\\Application), Array)
#5 F:\\xampp\\htdocs\\129_2\\temp_129\\vendor\\laravel\\framework\\src\\Illuminate\\Container\\Container.php(795): Illuminate\\Container\\Container->build(Object(Closure))
#6 F:\\xampp\\htdocs\\129_2\\temp_129\\vendor\\laravel\\framework\\src\\Illuminate\\Foundation\\Application.php(937): Illuminate\\Container\\Container->resolve('encrypter', Array, true)
#7 F:\\xampp\\htdocs\\129_2\\temp_129\\vendor\\laravel\\framework\\src\\Illuminate\\Container\\Container.php(731): Illuminate\\Foundation\\Application->resolve('encrypter', Array)
#8 F:\\xampp\\htdocs\\129_2\\temp_129\\vendor\\laravel\\framework\\src\\Illuminate\\Foundation\\Application.php(922): Illuminate\\Container\\Container->make('encrypter', Array)
#9 F:\\xampp\\htdocs\\129_2\\temp_129\\vendor\\laravel\\framework\\src\\Illuminate\\Container\\Container.php(1066): Illuminate\\Foundation\\Application->make('encrypter')
#10 F:\\xampp\\htdocs\\129_2\\temp_129\\vendor\\laravel\\framework\\src\\Illuminate\\Container\\Container.php(982): Illuminate\\Container\\Container->resolveClass(Object(ReflectionParameter))
#11 F:\\xampp\\htdocs\\129_2\\temp_129\\vendor\\laravel\\framework\\src\\Illuminate\\Container\\Container.php(943): Illuminate\\Container\\Container->resolveDependencies(Array)
#12 F:\\xampp\\htdocs\\129_2\\temp_129\\vendor\\laravel\\framework\\src\\Illuminate\\Container\\Container.php(795): Illuminate\\Container\\Container->build('App\\\\Http\\\\Middle...')
#13 F:\\xampp\\htdocs\\129_2\\temp_129\\vendor\\laravel\\framework\\src\\Illuminate\\Foundation\\Application.php(937): Illuminate\\Container\\Container->resolve('App\\\\Http\\\\Middle...', Array, true)
#14 F:\\xampp\\htdocs\\129_2\\temp_129\\vendor\\laravel\\framework\\src\\Illuminate\\Container\\Container.php(731): Illuminate\\Foundation\\Application->resolve('App\\\\Http\\\\Middle...', Array)
#15 F:\\xampp\\htdocs\\129_2\\temp_129\\vendor\\laravel\\framework\\src\\Illuminate\\Foundation\\Application.php(922): Illuminate\\Container\\Container->make('App\\\\Http\\\\Middle...', Array)
#16 F:\\xampp\\htdocs\\129_2\\temp_129\\vendor\\laravel\\framework\\src\\Illuminate\\Foundation\\Http\\Kernel.php(255): Illuminate\\Foundation\\Application->make('App\\\\Http\\\\Middle...')
#17 F:\\xampp\\htdocs\\129_2\\temp_129\\vendor\\laravel\\framework\\src\\Illuminate\\Foundation\\Http\\Kernel.php(213): Illuminate\\Foundation\\Http\\Kernel->terminateMiddleware(Object(Illuminate\\Http\\Request), Object(Illuminate\\Http\\Response))
#18 F:\\xampp\\htdocs\\129_2\\temp_129\\public\\index.php(55): Illuminate\\Foundation\\Http\\Kernel->terminate(Object(Illuminate\\Http\\Request), Object(Illuminate\\Http\\Response))
#19 F:\\xampp\\htdocs\\129_2\\temp_129\\vendor\\laravel\\framework\\src\\Illuminate\\Foundation\\resources\\server.php(16): require_once('F:\\\\xampp\\\\htdocs...')
#20 {main}
"} 
